running egg_info
writing ../../build/communication_robot/mon_package.egg-info/PKG-INFO
writing dependency_links to ../../build/communication_robot/mon_package.egg-info/dependency_links.txt
writing entry points to ../../build/communication_robot/mon_package.egg-info/entry_points.txt
writing requirements to ../../build/communication_robot/mon_package.egg-info/requires.txt
writing top-level names to ../../build/communication_robot/mon_package.egg-info/top_level.txt
reading manifest file '../../build/communication_robot/mon_package.egg-info/SOURCES.txt'
writing manifest file '../../build/communication_robot/mon_package.egg-info/SOURCES.txt'
running build
running build_py
creating /home/ines/ros2_ws/build/communication_robot/build
creating /home/ines/ros2_ws/build/communication_robot/build/lib
creating /home/ines/ros2_ws/build/communication_robot/build/lib/communication_robot
copying communication_robot/__init__.py -> /home/ines/ros2_ws/build/communication_robot/build/lib/communication_robot
running install
running install_lib
creating /home/ines/ros2_ws/install/communication_robot/lib/python3.12/site-packages/communication_robot
copying /home/ines/ros2_ws/build/communication_robot/build/lib/communication_robot/__init__.py -> /home/ines/ros2_ws/install/communication_robot/lib/python3.12/site-packages/communication_robot
byte-compiling /home/ines/ros2_ws/install/communication_robot/lib/python3.12/site-packages/communication_robot/__init__.py to __init__.cpython-312.pyc
running install_egg_info
Copying ../../build/communication_robot/mon_package.egg-info to /home/ines/ros2_ws/install/communication_robot/lib/python3.12/site-packages/mon_package-0.0.0-py3.12.egg-info
running install_scripts
Installing hello_node script to /home/ines/ros2_ws/install/communication_robot/lib/communication_robot
Installing temperature_node script to /home/ines/ros2_ws/install/communication_robot/lib/communication_robot
writing list of installed files to '/home/ines/ros2_ws/build/communication_robot/install.log'
