[1.430s] Invoking command in '/home/ines/ros2_ws/src/communication_robot': DEBUGINFOD_URLS=https://debuginfod.ubuntu.com PYTHONPATH=/home/ines/ros2_ws/build/communication_robot/prefix_override:/usr/lib/python3/dist-packages/colcon_core/task/python/colcon_distutils_commands:/home/ines/ros2_ws/install/communication_robot/lib/python3.12/site-packages:${PYTHONPATH} /usr/bin/python3 -W ignore:setup.py install is deprecated -W ignore:easy_install command is deprecated setup.py egg_info --egg-base ../../build/communication_robot build --build-base /home/ines/ros2_ws/build/communication_robot/build install --record /home/ines/ros2_ws/build/communication_robot/install.log --single-version-externally-managed
[1.710s] running egg_info
[1.730s] writing ../../build/communication_robot/mon_package.egg-info/PKG-INFO
[1.732s] writing dependency_links to ../../build/communication_robot/mon_package.egg-info/dependency_links.txt
[1.732s] writing entry points to ../../build/communication_robot/mon_package.egg-info/entry_points.txt
[1.732s] writing requirements to ../../build/communication_robot/mon_package.egg-info/requires.txt
[1.732s] writing top-level names to ../../build/communication_robot/mon_package.egg-info/top_level.txt
[1.772s] reading manifest file '../../build/communication_robot/mon_package.egg-info/SOURCES.txt'
[1.773s] writing manifest file '../../build/communication_robot/mon_package.egg-info/SOURCES.txt'
[1.773s] running build
[1.773s] running build_py
[1.774s] creating /home/ines/ros2_ws/build/communication_robot/build
[1.774s] creating /home/ines/ros2_ws/build/communication_robot/build/lib
[1.774s] creating /home/ines/ros2_ws/build/communication_robot/build/lib/communication_robot
[1.774s] copying communication_robot/__init__.py -> /home/ines/ros2_ws/build/communication_robot/build/lib/communication_robot
[1.774s] running install
[1.781s] running install_lib
[1.802s] creating /home/ines/ros2_ws/install/communication_robot/lib/python3.12/site-packages/communication_robot
[1.802s] copying /home/ines/ros2_ws/build/communication_robot/build/lib/communication_robot/__init__.py -> /home/ines/ros2_ws/install/communication_robot/lib/python3.12/site-packages/communication_robot
[1.802s] byte-compiling /home/ines/ros2_ws/install/communication_robot/lib/python3.12/site-packages/communication_robot/__init__.py to __init__.cpython-312.pyc
[1.802s] running install_egg_info
[1.825s] Copying ../../build/communication_robot/mon_package.egg-info to /home/ines/ros2_ws/install/communication_robot/lib/python3.12/site-packages/mon_package-0.0.0-py3.12.egg-info
[1.826s] running install_scripts
[1.966s] Installing hello_node script to /home/ines/ros2_ws/install/communication_robot/lib/communication_robot
[1.967s] Installing temperature_node script to /home/ines/ros2_ws/install/communication_robot/lib/communication_robot
[1.967s] writing list of installed files to '/home/ines/ros2_ws/build/communication_robot/install.log'
[2.009s] Invoked command in '/home/ines/ros2_ws/src/communication_robot' returned '0': DEBUGINFOD_URLS=https://debuginfod.ubuntu.com PYTHONPATH=/home/ines/ros2_ws/build/communication_robot/prefix_override:/usr/lib/python3/dist-packages/colcon_core/task/python/colcon_distutils_commands:/home/ines/ros2_ws/install/communication_robot/lib/python3.12/site-packages:${PYTHONPATH} /usr/bin/python3 -W ignore:setup.py install is deprecated -W ignore:easy_install command is deprecated setup.py egg_info --egg-base ../../build/communication_robot build --build-base /home/ines/ros2_ws/build/communication_robot/build install --record /home/ines/ros2_ws/build/communication_robot/install.log --single-version-externally-managed
