running egg_info
creating ../../build/temperature_publisher/temperature_publisher.egg-info
writing ../../build/temperature_publisher/temperature_publisher.egg-info/PKG-INFO
writing dependency_links to ../../build/temperature_publisher/temperature_publisher.egg-info/dependency_links.txt
writing entry points to ../../build/temperature_publisher/temperature_publisher.egg-info/entry_points.txt
writing requirements to ../../build/temperature_publisher/temperature_publisher.egg-info/requires.txt
writing top-level names to ../../build/temperature_publisher/temperature_publisher.egg-info/top_level.txt
writing manifest file '../../build/temperature_publisher/temperature_publisher.egg-info/SOURCES.txt'
reading manifest file '../../build/temperature_publisher/temperature_publisher.egg-info/SOURCES.txt'
writing manifest file '../../build/temperature_publisher/temperature_publisher.egg-info/SOURCES.txt'
running build
running build_py
creating /home/ines/ros2_ws/build/temperature_publisher/build
creating /home/ines/ros2_ws/build/temperature_publisher/build/lib
creating /home/ines/ros2_ws/build/temperature_publisher/build/lib/temperature_publisher
copying temperature_publisher/temperature_node.py -> /home/ines/ros2_ws/build/temperature_publisher/build/lib/temperature_publisher
copying temperature_publisher/__init__.py -> /home/ines/ros2_ws/build/temperature_publisher/build/lib/temperature_publisher
running install
running install_lib
creating /home/ines/ros2_ws/install/temperature_publisher/lib/python3.12/site-packages/temperature_publisher
copying /home/ines/ros2_ws/build/temperature_publisher/build/lib/temperature_publisher/temperature_node.py -> /home/ines/ros2_ws/install/temperature_publisher/lib/python3.12/site-packages/temperature_publisher
copying /home/ines/ros2_ws/build/temperature_publisher/build/lib/temperature_publisher/__init__.py -> /home/ines/ros2_ws/install/temperature_publisher/lib/python3.12/site-packages/temperature_publisher
byte-compiling /home/ines/ros2_ws/install/temperature_publisher/lib/python3.12/site-packages/temperature_publisher/temperature_node.py to temperature_node.cpython-312.pyc
byte-compiling /home/ines/ros2_ws/install/temperature_publisher/lib/python3.12/site-packages/temperature_publisher/__init__.py to __init__.cpython-312.pyc
running install_egg_info
Copying ../../build/temperature_publisher/temperature_publisher.egg-info to /home/ines/ros2_ws/install/temperature_publisher/lib/python3.12/site-packages/temperature_publisher-0.0.0-py3.12.egg-info
running install_scripts
Installing temperature_node script to /home/ines/ros2_ws/install/temperature_publisher/lib/temperature_publisher
writing list of installed files to '/home/ines/ros2_ws/build/temperature_publisher/install.log'
