[1.413s] Invoking command in '/home/ines/ros2_ws/src/temperature_publisher': DEBUGINFOD_URLS=https://debuginfod.ubuntu.com PYTHONPATH=/home/ines/ros2_ws/build/temperature_publisher/prefix_override:/usr/lib/python3/dist-packages/colcon_core/task/python/colcon_distutils_commands:/home/ines/ros2_ws/install/temperature_publisher/lib/python3.12/site-packages:${PYTHONPATH} /usr/bin/python3 -W ignore:setup.py install is deprecated -W ignore:easy_install command is deprecated setup.py egg_info --egg-base ../../build/temperature_publisher build --build-base /home/ines/ros2_ws/build/temperature_publisher/build install --record /home/ines/ros2_ws/build/temperature_publisher/install.log --single-version-externally-managed
[1.694s] running egg_info
[1.715s] writing ../../build/temperature_publisher/temperature_publisher.egg-info/PKG-INFO
[1.716s] writing dependency_links to ../../build/temperature_publisher/temperature_publisher.egg-info/dependency_links.txt
[1.716s] writing entry points to ../../build/temperature_publisher/temperature_publisher.egg-info/entry_points.txt
[1.717s] writing requirements to ../../build/temperature_publisher/temperature_publisher.egg-info/requires.txt
[1.717s] writing top-level names to ../../build/temperature_publisher/temperature_publisher.egg-info/top_level.txt
[1.757s] reading manifest file '../../build/temperature_publisher/temperature_publisher.egg-info/SOURCES.txt'
[1.758s] writing manifest file '../../build/temperature_publisher/temperature_publisher.egg-info/SOURCES.txt'
[1.759s] running build
[1.759s] running build_py
[1.759s] running install
[1.766s] running install_lib
[1.787s] running install_egg_info
[1.809s] removing '/home/ines/ros2_ws/install/temperature_publisher/lib/python3.12/site-packages/temperature_publisher-0.0.0-py3.12.egg-info' (and everything under it)
[1.810s] Copying ../../build/temperature_publisher/temperature_publisher.egg-info to /home/ines/ros2_ws/install/temperature_publisher/lib/python3.12/site-packages/temperature_publisher-0.0.0-py3.12.egg-info
[1.811s] running install_scripts
[1.952s] Installing temperature_node script to /home/ines/ros2_ws/install/temperature_publisher/lib/temperature_publisher
[1.952s] writing list of installed files to '/home/ines/ros2_ws/build/temperature_publisher/install.log'
[2.008s] Invoked command in '/home/ines/ros2_ws/src/temperature_publisher' returned '0': DEBUGINFOD_URLS=https://debuginfod.ubuntu.com PYTHONPATH=/home/ines/ros2_ws/build/temperature_publisher/prefix_override:/usr/lib/python3/dist-packages/colcon_core/task/python/colcon_distutils_commands:/home/ines/ros2_ws/install/temperature_publisher/lib/python3.12/site-packages:${PYTHONPATH} /usr/bin/python3 -W ignore:setup.py install is deprecated -W ignore:easy_install command is deprecated setup.py egg_info --egg-base ../../build/temperature_publisher build --build-base /home/ines/ros2_ws/build/temperature_publisher/build install --record /home/ines/ros2_ws/build/temperature_publisher/install.log --single-version-externally-managed
