[1.414s] Invoking command in '/home/ines/ros2_ws/src/my_first_package': DEBUGINFOD_URLS=https://debuginfod.ubuntu.com PYTHONPATH=/home/ines/ros2_ws/build/my_first_package/prefix_override:/usr/lib/python3/dist-packages/colcon_core/task/python/colcon_distutils_commands:/home/ines/ros2_ws/install/my_first_package/lib/python3.12/site-packages:${PYTHONPATH} /usr/bin/python3 -W ignore:setup.py install is deprecated -W ignore:easy_install command is deprecated setup.py egg_info --egg-base ../../build/my_first_package build --build-base /home/ines/ros2_ws/build/my_first_package/build install --record /home/ines/ros2_ws/build/my_first_package/install.log --single-version-externally-managed install_data
[1.723s] running egg_info
[1.742s] writing ../../build/my_first_package/my_first_package.egg-info/PKG-INFO
[1.742s] writing dependency_links to ../../build/my_first_package/my_first_package.egg-info/dependency_links.txt
[1.743s] writing entry points to ../../build/my_first_package/my_first_package.egg-info/entry_points.txt
[1.743s] writing requirements to ../../build/my_first_package/my_first_package.egg-info/requires.txt
[1.743s] writing top-level names to ../../build/my_first_package/my_first_package.egg-info/top_level.txt
[1.784s] reading manifest file '../../build/my_first_package/my_first_package.egg-info/SOURCES.txt'
[1.785s] writing manifest file '../../build/my_first_package/my_first_package.egg-info/SOURCES.txt'
[1.785s] running build
[1.785s] running build_py
[1.786s] running install
[1.793s] running install_lib
[1.815s] running install_data
[1.815s] running install_egg_info
[1.837s] removing '/home/ines/ros2_ws/install/my_first_package/lib/python3.12/site-packages/my_first_package-0.0.0-py3.12.egg-info' (and everything under it)
[1.837s] Copying ../../build/my_first_package/my_first_package.egg-info to /home/ines/ros2_ws/install/my_first_package/lib/python3.12/site-packages/my_first_package-0.0.0-py3.12.egg-info
[1.838s] running install_scripts
[1.978s] Installing talker script to /home/ines/ros2_ws/install/my_first_package/lib/my_first_package
[1.979s] writing list of installed files to '/home/ines/ros2_ws/build/my_first_package/install.log'
[2.023s] Invoked command in '/home/ines/ros2_ws/src/my_first_package' returned '0': DEBUGINFOD_URLS=https://debuginfod.ubuntu.com PYTHONPATH=/home/ines/ros2_ws/build/my_first_package/prefix_override:/usr/lib/python3/dist-packages/colcon_core/task/python/colcon_distutils_commands:/home/ines/ros2_ws/install/my_first_package/lib/python3.12/site-packages:${PYTHONPATH} /usr/bin/python3 -W ignore:setup.py install is deprecated -W ignore:easy_install command is deprecated setup.py egg_info --egg-base ../../build/my_first_package build --build-base /home/ines/ros2_ws/build/my_first_package/build install --record /home/ines/ros2_ws/build/my_first_package/install.log --single-version-externally-managed install_data
