[1.425s] Invoking command in '/home/ines/ros2_ws/src/my_first_package': DEBUGINFOD_URLS=https://debuginfod.ubuntu.com PYTHONPATH=/home/ines/ros2_ws/build/my_first_package/prefix_override:/usr/lib/python3/dist-packages/colcon_core/task/python/colcon_distutils_commands:/home/ines/ros2_ws/install/my_first_package/lib/python3.12/site-packages:${PYTHONPATH} /usr/bin/python3 -W ignore:setup.py install is deprecated -W ignore:easy_install command is deprecated setup.py egg_info --egg-base ../../build/my_first_package build --build-base /home/ines/ros2_ws/build/my_first_package/build install --record /home/ines/ros2_ws/build/my_first_package/install.log --single-version-externally-managed install_data
[1.726s] running egg_info
[1.727s] creating ../../build/my_first_package/my_first_package.egg-info
[1.747s] writing ../../build/my_first_package/my_first_package.egg-info/PKG-INFO
[1.747s] writing dependency_links to ../../build/my_first_package/my_first_package.egg-info/dependency_links.txt
[1.748s] writing entry points to ../../build/my_first_package/my_first_package.egg-info/entry_points.txt
[1.748s] writing requirements to ../../build/my_first_package/my_first_package.egg-info/requires.txt
[1.748s] writing top-level names to ../../build/my_first_package/my_first_package.egg-info/top_level.txt
[1.748s] writing manifest file '../../build/my_first_package/my_first_package.egg-info/SOURCES.txt'
[1.791s] reading manifest file '../../build/my_first_package/my_first_package.egg-info/SOURCES.txt'
[1.792s] writing manifest file '../../build/my_first_package/my_first_package.egg-info/SOURCES.txt'
[1.792s] running build
[1.792s] running build_py
[1.792s] creating /home/ines/ros2_ws/build/my_first_package/build
[1.793s] creating /home/ines/ros2_ws/build/my_first_package/build/lib
[1.793s] creating /home/ines/ros2_ws/build/my_first_package/build/lib/my_first_package
[1.793s] copying my_first_package/talker.py -> /home/ines/ros2_ws/build/my_first_package/build/lib/my_first_package
[1.793s] copying my_first_package/__init__.py -> /home/ines/ros2_ws/build/my_first_package/build/lib/my_first_package
[1.793s] running install
[1.800s] running install_lib
[1.822s] creating /home/ines/ros2_ws/install/my_first_package/lib/python3.12/site-packages/my_first_package
[1.822s] copying /home/ines/ros2_ws/build/my_first_package/build/lib/my_first_package/talker.py -> /home/ines/ros2_ws/install/my_first_package/lib/python3.12/site-packages/my_first_package
[1.822s] copying /home/ines/ros2_ws/build/my_first_package/build/lib/my_first_package/__init__.py -> /home/ines/ros2_ws/install/my_first_package/lib/python3.12/site-packages/my_first_package
[1.822s] byte-compiling /home/ines/ros2_ws/install/my_first_package/lib/python3.12/site-packages/my_first_package/talker.py to talker.cpython-312.pyc
[1.823s] byte-compiling /home/ines/ros2_ws/install/my_first_package/lib/python3.12/site-packages/my_first_package/__init__.py to __init__.cpython-312.pyc
[1.824s] running install_data
[1.824s] creating /home/ines/ros2_ws/install/my_first_package/share/ament_index
[1.824s] creating /home/ines/ros2_ws/install/my_first_package/share/ament_index/resource_index
[1.824s] creating /home/ines/ros2_ws/install/my_first_package/share/ament_index/resource_index/packages
[1.824s] copying resource/my_first_package -> /home/ines/ros2_ws/install/my_first_package/share/ament_index/resource_index/packages
[1.824s] copying package.xml -> /home/ines/ros2_ws/install/my_first_package/share/my_first_package
[1.824s] running install_egg_info
[1.847s] Copying ../../build/my_first_package/my_first_package.egg-info to /home/ines/ros2_ws/install/my_first_package/lib/python3.12/site-packages/my_first_package-0.0.0-py3.12.egg-info
[1.847s] running install_scripts
[1.991s] Installing talker script to /home/ines/ros2_ws/install/my_first_package/lib/my_first_package
[1.991s] writing list of installed files to '/home/ines/ros2_ws/build/my_first_package/install.log'
